2020-12-28 14:08:06.152  INFO 9072 --- [restartedMain] com.wenyu.blog.BlogApplication           : Starting BlogApplication on lt41137t480 with PID 9072 (E:\blog\blog\target\classes started by Administrator in E:\blog\blog)
2020-12-28 14:08:06.159 DEBUG 9072 --- [restartedMain] com.wenyu.blog.BlogApplication           : Running with Spring Boot v2.3.5.RELEASE, Spring v5.2.10.RELEASE
2020-12-28 14:08:06.159  INFO 9072 --- [restartedMain] com.wenyu.blog.BlogApplication           : No active profile set, falling back to default profiles: default
2020-12-28 14:08:06.218  INFO 9072 --- [restartedMain] .e.DevToolsPropertyDefaultsPostProcessor : Devtools property defaults active! Set 'spring.devtools.add-properties' to 'false' to disable
2020-12-28 14:08:06.219  INFO 9072 --- [restartedMain] .e.DevToolsPropertyDefaultsPostProcessor : For additional web related logging consider setting the 'logging.level.web' property to 'DEBUG'
2020-12-28 14:08:07.109  INFO 9072 --- [restartedMain] .s.d.r.c.RepositoryConfigurationDelegate : Bootstrapping Spring Data JPA repositories in DEFERRED mode.
2020-12-28 14:08:07.132  INFO 9072 --- [restartedMain] .s.d.r.c.RepositoryConfigurationDelegate : Finished Spring Data repository scanning in 12ms. Found 0 JPA repository interfaces.
2020-12-28 14:08:07.890  INFO 9072 --- [restartedMain] o.s.b.w.embedded.tomcat.TomcatWebServer  : Tomcat initialized with port(s): 8080 (http)
2020-12-28 14:08:07.903  INFO 9072 --- [restartedMain] o.apache.catalina.core.StandardService   : Starting service [Tomcat]
2020-12-28 14:08:07.903  INFO 9072 --- [restartedMain] org.apache.catalina.core.StandardEngine  : Starting Servlet engine: [Apache Tomcat/9.0.39]
2020-12-28 14:08:08.002  INFO 9072 --- [restartedMain] o.a.c.c.C.[Tomcat].[localhost].[/]       : Initializing Spring embedded WebApplicationContext
2020-12-28 14:08:08.002  INFO 9072 --- [restartedMain] w.s.c.ServletWebServerApplicationContext : Root WebApplicationContext: initialization completed in 1783 ms
2020-12-28 14:08:08.194  INFO 9072 --- [restartedMain] o.s.s.concurrent.ThreadPoolTaskExecutor  : Initializing ExecutorService 'applicationTaskExecutor'
2020-12-28 14:08:08.243  INFO 9072 --- [task-1] o.hibernate.jpa.internal.util.LogHelper  : HHH000204: Processing PersistenceUnitInfo [name: default]
2020-12-28 14:08:08.310  INFO 9072 --- [task-1] org.hibernate.Version                    : HHH000412: Hibernate ORM core version 5.4.22.Final
2020-12-28 14:08:08.597  INFO 9072 --- [task-1] o.hibernate.annotations.common.Version   : HCANN000001: Hibernate Commons Annotations {5.1.0.Final}
2020-12-28 14:08:08.741  INFO 9072 --- [task-1] com.zaxxer.hikari.HikariDataSource       : HikariPool-1 - Starting...
2020-12-28 14:08:08.769  WARN 9072 --- [restartedMain] JpaBaseConfiguration$JpaWebConfiguration : spring.jpa.open-in-view is enabled by default. Therefore, database queries may be performed during view rendering. Explicitly configure spring.jpa.open-in-view to disable this warning
2020-12-28 14:08:09.024  INFO 9072 --- [task-1] com.zaxxer.hikari.HikariDataSource       : HikariPool-1 - Start completed.
2020-12-28 14:08:09.030  INFO 9072 --- [restartedMain] o.s.b.a.w.s.WelcomePageHandlerMapping    : Adding welcome page template: index
2020-12-28 14:08:09.054  INFO 9072 --- [task-1] org.hibernate.dialect.Dialect            : HHH000400: Using dialect: org.hibernate.dialect.MySQL57Dialect
2020-12-28 14:08:09.121  WARN 9072 --- [restartedMain] org.thymeleaf.templatemode.TemplateMode  : [THYMELEAF][restartedMain] Template Mode 'LEGACYHTML5' is deprecated. Using Template Mode 'HTML' instead.
2020-12-28 14:08:09.377  INFO 9072 --- [task-1] o.h.e.t.j.p.i.JtaPlatformInitiator       : HHH000490: Using JtaPlatform implementation: [org.hibernate.engine.transaction.jta.platform.internal.NoJtaPlatform]
2020-12-28 14:08:09.388  INFO 9072 --- [task-1] j.LocalContainerEntityManagerFactoryBean : Initialized JPA EntityManagerFactory for persistence unit 'default'
2020-12-28 14:08:09.424  INFO 9072 --- [restartedMain] o.s.b.d.a.OptionalLiveReloadServer       : LiveReload server is running on port 35729
2020-12-28 14:08:09.517  INFO 9072 --- [restartedMain] o.s.b.w.embedded.tomcat.TomcatWebServer  : Tomcat started on port(s): 8080 (http) with context path ''
2020-12-28 14:08:09.519  INFO 9072 --- [restartedMain] DeferredRepositoryInitializationListener : Triggering deferred initialization of Spring Data repositories…
2020-12-28 14:08:09.519  INFO 9072 --- [restartedMain] DeferredRepositoryInitializationListener : Spring Data repositories initialized!
2020-12-28 14:08:09.530  INFO 9072 --- [restartedMain] com.wenyu.blog.BlogApplication           : Started BlogApplication in 4.13 seconds (JVM running for 5.63)
2020-12-28 14:08:18.810  INFO 9072 --- [http-nio-8080-exec-1] o.a.c.c.C.[Tomcat].[localhost].[/]       : Initializing Spring DispatcherServlet 'dispatcherServlet'
2020-12-28 14:08:18.811  INFO 9072 --- [http-nio-8080-exec-1] o.s.web.servlet.DispatcherServlet        : Initializing Servlet 'dispatcherServlet'
2020-12-28 14:08:18.830  INFO 9072 --- [http-nio-8080-exec-1] o.s.web.servlet.DispatcherServlet        : Completed initialization in 19 ms
2020-12-28 14:08:25.300 DEBUG 9072 --- [http-nio-8080-exec-4] c.w.b.m.U.findByUsernameAndPassword      : ==>  Preparing: select * from t_user where username = ? and password = ?
2020-12-28 14:08:25.315 DEBUG 9072 --- [http-nio-8080-exec-4] c.w.b.m.U.findByUsernameAndPassword      : ==> Parameters: admin(String), 96e79218965eb72c92a549dd5a330112(String)
2020-12-28 14:08:25.330 DEBUG 9072 --- [http-nio-8080-exec-4] c.w.b.m.U.findByUsernameAndPassword      : <==      Total: 1
2020-12-28 14:08:59.324 DEBUG 9072 --- [http-nio-8080-exec-2] c.w.b.m.U.findByUsernameAndPassword      : ==>  Preparing: select * from t_user where username = ? and password = ?
2020-12-28 14:08:59.324 DEBUG 9072 --- [http-nio-8080-exec-2] c.w.b.m.U.findByUsernameAndPassword      : ==> Parameters: admin(String), 96e79218965eb72c92a549dd5a330112(String)
2020-12-28 14:08:59.325 DEBUG 9072 --- [http-nio-8080-exec-2] c.w.b.m.U.findByUsernameAndPassword      : <==      Total: 1
2020-12-28 14:09:21.693  INFO 9072 --- [Thread-14] j.LocalContainerEntityManagerFactoryBean : Closing JPA EntityManagerFactory for persistence unit 'default'
2020-12-28 14:09:21.695  INFO 9072 --- [Thread-14] o.s.s.concurrent.ThreadPoolTaskExecutor  : Shutting down ExecutorService 'applicationTaskExecutor'
2020-12-28 14:09:21.701  INFO 9072 --- [Thread-14] com.zaxxer.hikari.HikariDataSource       : HikariPool-1 - Shutdown initiated...
2020-12-28 14:09:21.707  INFO 9072 --- [Thread-14] com.zaxxer.hikari.HikariDataSource       : HikariPool-1 - Shutdown completed.
2020-12-28 14:09:22.096  INFO 9072 --- [restartedMain] com.wenyu.blog.BlogApplication           : Starting BlogApplication on lt41137t480 with PID 9072 (E:\blog\blog\target\classes started by Administrator in E:\blog\blog)
2020-12-28 14:09:22.096 DEBUG 9072 --- [restartedMain] com.wenyu.blog.BlogApplication           : Running with Spring Boot v2.3.5.RELEASE, Spring v5.2.10.RELEASE
2020-12-28 14:09:22.096  INFO 9072 --- [restartedMain] com.wenyu.blog.BlogApplication           : No active profile set, falling back to default profiles: default
2020-12-28 14:09:22.596  INFO 9072 --- [restartedMain] .s.d.r.c.RepositoryConfigurationDelegate : Bootstrapping Spring Data JPA repositories in DEFERRED mode.
2020-12-28 14:09:22.607  INFO 9072 --- [restartedMain] .s.d.r.c.RepositoryConfigurationDelegate : Finished Spring Data repository scanning in 8ms. Found 0 JPA repository interfaces.
2020-12-28 14:09:22.870  INFO 9072 --- [restartedMain] o.s.b.w.embedded.tomcat.TomcatWebServer  : Tomcat initialized with port(s): 8080 (http)
2020-12-28 14:09:22.871  INFO 9072 --- [restartedMain] o.apache.catalina.core.StandardService   : Starting service [Tomcat]
2020-12-28 14:09:22.871  INFO 9072 --- [restartedMain] org.apache.catalina.core.StandardEngine  : Starting Servlet engine: [Apache Tomcat/9.0.39]
2020-12-28 14:09:22.896  INFO 9072 --- [restartedMain] o.a.c.c.C.[Tomcat].[localhost].[/]       : Initializing Spring embedded WebApplicationContext
2020-12-28 14:09:22.896  INFO 9072 --- [restartedMain] w.s.c.ServletWebServerApplicationContext : Root WebApplicationContext: initialization completed in 796 ms
2020-12-28 14:09:22.953  INFO 9072 --- [restartedMain] o.s.s.concurrent.ThreadPoolTaskExecutor  : Initializing ExecutorService 'applicationTaskExecutor'
2020-12-28 14:09:22.959  INFO 9072 --- [task-1] o.hibernate.jpa.internal.util.LogHelper  : HHH000204: Processing PersistenceUnitInfo [name: default]
2020-12-28 14:09:22.966  INFO 9072 --- [task-1] com.zaxxer.hikari.HikariDataSource       : HikariPool-2 - Starting...
2020-12-28 14:09:22.971  INFO 9072 --- [task-1] com.zaxxer.hikari.HikariDataSource       : HikariPool-2 - Start completed.
2020-12-28 14:09:22.971  INFO 9072 --- [task-1] org.hibernate.dialect.Dialect            : HHH000400: Using dialect: org.hibernate.dialect.MySQL57Dialect
2020-12-28 14:09:22.996  INFO 9072 --- [task-1] o.h.e.t.j.p.i.JtaPlatformInitiator       : HHH000490: Using JtaPlatform implementation: [org.hibernate.engine.transaction.jta.platform.internal.NoJtaPlatform]
2020-12-28 14:09:22.996  INFO 9072 --- [task-1] j.LocalContainerEntityManagerFactoryBean : Initialized JPA EntityManagerFactory for persistence unit 'default'
2020-12-28 14:09:23.048  INFO 9072 --- [task-2] o.s.b.d.a.OptionalLiveReloadServer       : LiveReload server is running on port 35729
2020-12-28 14:09:23.063  WARN 9072 --- [restartedMain] JpaBaseConfiguration$JpaWebConfiguration : spring.jpa.open-in-view is enabled by default. Therefore, database queries may be performed during view rendering. Explicitly configure spring.jpa.open-in-view to disable this warning
2020-12-28 14:09:23.226  INFO 9072 --- [restartedMain] o.s.b.a.w.s.WelcomePageHandlerMapping    : Adding welcome page template: index
2020-12-28 14:09:23.292  WARN 9072 --- [restartedMain] org.thymeleaf.templatemode.TemplateMode  : [THYMELEAF][restartedMain] Template Mode 'LEGACYHTML5' is deprecated. Using Template Mode 'HTML' instead.
2020-12-28 14:09:23.476  INFO 9072 --- [restartedMain] o.s.b.w.embedded.tomcat.TomcatWebServer  : Tomcat started on port(s): 8080 (http) with context path ''
2020-12-28 14:09:23.477  INFO 9072 --- [restartedMain] DeferredRepositoryInitializationListener : Triggering deferred initialization of Spring Data repositories…
2020-12-28 14:09:23.478  INFO 9072 --- [restartedMain] DeferredRepositoryInitializationListener : Spring Data repositories initialized!
2020-12-28 14:09:23.485  INFO 9072 --- [restartedMain] com.wenyu.blog.BlogApplication           : Started BlogApplication in 1.478 seconds (JVM running for 79.576)
2020-12-28 14:09:23.488  INFO 9072 --- [restartedMain] .ConditionEvaluationDeltaLoggingListener : Condition evaluation unchanged
2020-12-28 14:09:42.022  INFO 9072 --- [Thread-21] j.LocalContainerEntityManagerFactoryBean : Closing JPA EntityManagerFactory for persistence unit 'default'
2020-12-28 14:09:42.023  INFO 9072 --- [Thread-21] o.s.s.concurrent.ThreadPoolTaskExecutor  : Shutting down ExecutorService 'applicationTaskExecutor'
2020-12-28 14:09:42.023  INFO 9072 --- [Thread-21] com.zaxxer.hikari.HikariDataSource       : HikariPool-2 - Shutdown initiated...
2020-12-28 14:09:42.027  INFO 9072 --- [Thread-21] com.zaxxer.hikari.HikariDataSource       : HikariPool-2 - Shutdown completed.
2020-12-28 14:09:42.298  INFO 9072 --- [restartedMain] com.wenyu.blog.BlogApplication           : Starting BlogApplication on lt41137t480 with PID 9072 (E:\blog\blog\target\classes started by Administrator in E:\blog\blog)
2020-12-28 14:09:42.298 DEBUG 9072 --- [restartedMain] com.wenyu.blog.BlogApplication           : Running with Spring Boot v2.3.5.RELEASE, Spring v5.2.10.RELEASE
2020-12-28 14:09:42.298  INFO 9072 --- [restartedMain] com.wenyu.blog.BlogApplication           : No active profile set, falling back to default profiles: default
2020-12-28 14:09:42.611  INFO 9072 --- [restartedMain] .s.d.r.c.RepositoryConfigurationDelegate : Bootstrapping Spring Data JPA repositories in DEFERRED mode.
2020-12-28 14:09:42.618  INFO 9072 --- [restartedMain] .s.d.r.c.RepositoryConfigurationDelegate : Finished Spring Data repository scanning in 5ms. Found 0 JPA repository interfaces.
2020-12-28 14:09:42.754  INFO 9072 --- [restartedMain] o.s.b.w.embedded.tomcat.TomcatWebServer  : Tomcat initialized with port(s): 8080 (http)
2020-12-28 14:09:42.755  INFO 9072 --- [restartedMain] o.apache.catalina.core.StandardService   : Starting service [Tomcat]
2020-12-28 14:09:42.755  INFO 9072 --- [restartedMain] org.apache.catalina.core.StandardEngine  : Starting Servlet engine: [Apache Tomcat/9.0.39]
2020-12-28 14:09:42.776  INFO 9072 --- [restartedMain] o.a.c.c.C.[Tomcat].[localhost].[/]       : Initializing Spring embedded WebApplicationContext
2020-12-28 14:09:42.776  INFO 9072 --- [restartedMain] w.s.c.ServletWebServerApplicationContext : Root WebApplicationContext: initialization completed in 475 ms
2020-12-28 14:09:42.836  INFO 9072 --- [restartedMain] o.s.s.concurrent.ThreadPoolTaskExecutor  : Initializing ExecutorService 'applicationTaskExecutor'
2020-12-28 14:09:42.843  INFO 9072 --- [task-1] o.hibernate.jpa.internal.util.LogHelper  : HHH000204: Processing PersistenceUnitInfo [name: default]
2020-12-28 14:09:42.849  INFO 9072 --- [task-1] com.zaxxer.hikari.HikariDataSource       : HikariPool-3 - Starting...
2020-12-28 14:09:42.854  INFO 9072 --- [task-1] com.zaxxer.hikari.HikariDataSource       : HikariPool-3 - Start completed.
2020-12-28 14:09:42.854  INFO 9072 --- [task-1] org.hibernate.dialect.Dialect            : HHH000400: Using dialect: org.hibernate.dialect.MySQL57Dialect
2020-12-28 14:09:42.881  INFO 9072 --- [task-1] o.h.e.t.j.p.i.JtaPlatformInitiator       : HHH000490: Using JtaPlatform implementation: [org.hibernate.engine.transaction.jta.platform.internal.NoJtaPlatform]
2020-12-28 14:09:42.882  INFO 9072 --- [task-1] j.LocalContainerEntityManagerFactoryBean : Initialized JPA EntityManagerFactory for persistence unit 'default'
2020-12-28 14:09:42.892  INFO 9072 --- [task-2] o.s.b.d.a.OptionalLiveReloadServer       : LiveReload server is running on port 35729
2020-12-28 14:09:42.905  WARN 9072 --- [restartedMain] JpaBaseConfiguration$JpaWebConfiguration : spring.jpa.open-in-view is enabled by default. Therefore, database queries may be performed during view rendering. Explicitly configure spring.jpa.open-in-view to disable this warning
2020-12-28 14:09:42.973  INFO 9072 --- [restartedMain] o.s.b.a.w.s.WelcomePageHandlerMapping    : Adding welcome page template: index
2020-12-28 14:09:42.998  WARN 9072 --- [restartedMain] org.thymeleaf.templatemode.TemplateMode  : [THYMELEAF][restartedMain] Template Mode 'LEGACYHTML5' is deprecated. Using Template Mode 'HTML' instead.
2020-12-28 14:09:43.146  INFO 9072 --- [restartedMain] o.s.b.w.embedded.tomcat.TomcatWebServer  : Tomcat started on port(s): 8080 (http) with context path ''
2020-12-28 14:09:43.147  INFO 9072 --- [restartedMain] DeferredRepositoryInitializationListener : Triggering deferred initialization of Spring Data repositories…
2020-12-28 14:09:43.147  INFO 9072 --- [restartedMain] DeferredRepositoryInitializationListener : Spring Data repositories initialized!
2020-12-28 14:09:43.153  INFO 9072 --- [restartedMain] com.wenyu.blog.BlogApplication           : Started BlogApplication in 0.896 seconds (JVM running for 99.243)
2020-12-28 14:09:43.156  INFO 9072 --- [restartedMain] .ConditionEvaluationDeltaLoggingListener : Condition evaluation unchanged
2020-12-28 14:09:55.741  INFO 9072 --- [http-nio-8080-exec-1] o.a.c.c.C.[Tomcat].[localhost].[/]       : Initializing Spring DispatcherServlet 'dispatcherServlet'
2020-12-28 14:09:55.741  INFO 9072 --- [http-nio-8080-exec-1] o.s.web.servlet.DispatcherServlet        : Initializing Servlet 'dispatcherServlet'
2020-12-28 14:09:55.742  INFO 9072 --- [http-nio-8080-exec-1] o.s.web.servlet.DispatcherServlet        : Completed initialization in 1 ms
2020-12-28 14:10:01.311 DEBUG 9072 --- [http-nio-8080-exec-2] c.w.b.m.U.findByUsernameAndPassword      : ==>  Preparing: select * from t_user where username = ? and password = ?
2020-12-28 14:10:01.311 DEBUG 9072 --- [http-nio-8080-exec-2] c.w.b.m.U.findByUsernameAndPassword      : ==> Parameters: admin(String), 96e79218965eb72c92a549dd5a330112(String)
2020-12-28 14:10:01.312 DEBUG 9072 --- [http-nio-8080-exec-2] c.w.b.m.U.findByUsernameAndPassword      : <==      Total: 1
2020-12-28 14:12:20.251 ERROR 9072 --- [http-nio-8080-exec-7] c.w.b.h.ControllerExceptionHandler       : Requst URL : http://localhost:8080/admin/login，Exception : {}

org.springframework.web.HttpRequestMethodNotSupportedException: Request method 'GET' not supported
	at org.springframework.web.servlet.mvc.method.RequestMappingInfoHandlerMapping.handleNoMatch(RequestMappingInfoHandlerMapping.java:213)
	at org.springframework.web.servlet.handler.AbstractHandlerMethodMapping.lookupHandlerMethod(AbstractHandlerMethodMapping.java:422)
	at org.springframework.web.servlet.handler.AbstractHandlerMethodMapping.getHandlerInternal(AbstractHandlerMethodMapping.java:367)
	at org.springframework.web.servlet.mvc.method.RequestMappingInfoHandlerMapping.getHandlerInternal(RequestMappingInfoHandlerMapping.java:110)
	at org.springframework.web.servlet.mvc.method.RequestMappingInfoHandlerMapping.getHandlerInternal(RequestMappingInfoHandlerMapping.java:59)
	at org.springframework.web.servlet.handler.AbstractHandlerMapping.getHandler(AbstractHandlerMapping.java:396)
	at org.springframework.web.servlet.DispatcherServlet.getHandler(DispatcherServlet.java:1234)
	at org.springframework.web.servlet.DispatcherServlet.doDispatch(DispatcherServlet.java:1016)
	at org.springframework.web.servlet.DispatcherServlet.doService(DispatcherServlet.java:943)
	at org.springframework.web.servlet.FrameworkServlet.processRequest(FrameworkServlet.java:1006)
	at org.springframework.web.servlet.FrameworkServlet.doGet(FrameworkServlet.java:898)
	at javax.servlet.http.HttpServlet.service(HttpServlet.java:626)
	at org.springframework.web.servlet.FrameworkServlet.service(FrameworkServlet.java:883)
	at javax.servlet.http.HttpServlet.service(HttpServlet.java:733)
	at org.apache.catalina.core.ApplicationFilterChain.internalDoFilter(ApplicationFilterChain.java:231)
	at org.apache.catalina.core.ApplicationFilterChain.doFilter(ApplicationFilterChain.java:166)
	at org.apache.tomcat.websocket.server.WsFilter.doFilter(WsFilter.java:53)
	at org.apache.catalina.core.ApplicationFilterChain.internalDoFilter(ApplicationFilterChain.java:193)
	at org.apache.catalina.core.ApplicationFilterChain.doFilter(ApplicationFilterChain.java:166)
	at org.springframework.web.filter.RequestContextFilter.doFilterInternal(RequestContextFilter.java:100)
	at org.springframework.web.filter.OncePerRequestFilter.doFilter(OncePerRequestFilter.java:119)
	at org.apache.catalina.core.ApplicationFilterChain.internalDoFilter(ApplicationFilterChain.java:193)
	at org.apache.catalina.core.ApplicationFilterChain.doFilter(ApplicationFilterChain.java:166)
	at org.springframework.web.filter.FormContentFilter.doFilterInternal(FormContentFilter.java:93)
	at org.springframework.web.filter.OncePerRequestFilter.doFilter(OncePerRequestFilter.java:119)
	at org.apache.catalina.core.ApplicationFilterChain.internalDoFilter(ApplicationFilterChain.java:193)
	at org.apache.catalina.core.ApplicationFilterChain.doFilter(ApplicationFilterChain.java:166)
	at org.springframework.web.filter.CharacterEncodingFilter.doFilterInternal(CharacterEncodingFilter.java:201)
	at org.springframework.web.filter.OncePerRequestFilter.doFilter(OncePerRequestFilter.java:119)
	at org.apache.catalina.core.ApplicationFilterChain.internalDoFilter(ApplicationFilterChain.java:193)
	at org.apache.catalina.core.ApplicationFilterChain.doFilter(ApplicationFilterChain.java:166)
	at org.apache.catalina.core.StandardWrapperValve.invoke(StandardWrapperValve.java:202)
	at org.apache.catalina.core.StandardContextValve.invoke(StandardContextValve.java:97)
	at org.apache.catalina.authenticator.AuthenticatorBase.invoke(AuthenticatorBase.java:542)
	at org.apache.catalina.core.StandardHostValve.invoke(StandardHostValve.java:143)
	at org.apache.catalina.valves.ErrorReportValve.invoke(ErrorReportValve.java:92)
	at org.apache.catalina.core.StandardEngineValve.invoke(StandardEngineValve.java:78)
	at org.apache.catalina.connector.CoyoteAdapter.service(CoyoteAdapter.java:343)
	at org.apache.coyote.http11.Http11Processor.service(Http11Processor.java:374)
	at org.apache.coyote.AbstractProcessorLight.process(AbstractProcessorLight.java:65)
	at org.apache.coyote.AbstractProtocol$ConnectionHandler.process(AbstractProtocol.java:868)
	at org.apache.tomcat.util.net.NioEndpoint$SocketProcessor.doRun(NioEndpoint.java:1590)
	at org.apache.tomcat.util.net.SocketProcessorBase.run(SocketProcessorBase.java:49)
	at java.util.concurrent.ThreadPoolExecutor.runWorker(ThreadPoolExecutor.java:1149)
	at java.util.concurrent.ThreadPoolExecutor$Worker.run(ThreadPoolExecutor.java:624)
	at org.apache.tomcat.util.threads.TaskThread$WrappingRunnable.run(TaskThread.java:61)
	at java.lang.Thread.run(Thread.java:748)

2020-12-28 14:12:20.252  WARN 9072 --- [http-nio-8080-exec-7] .m.m.a.ExceptionHandlerExceptionResolver : Resolved [org.springframework.web.HttpRequestMethodNotSupportedException: Request method 'GET' not supported]
2020-12-28 14:18:25.841 DEBUG 9072 --- [http-nio-8080-exec-7] c.w.b.m.U.findByUsernameAndPassword      : ==>  Preparing: select * from t_user where username = ? and password = ?
2020-12-28 14:18:25.841 DEBUG 9072 --- [http-nio-8080-exec-7] c.w.b.m.U.findByUsernameAndPassword      : ==> Parameters: admin(String), 96e79218965eb72c92a549dd5a330112(String)
2020-12-28 14:18:25.843 DEBUG 9072 --- [http-nio-8080-exec-7] c.w.b.m.U.findByUsernameAndPassword      : <==      Total: 1
2020-12-28 14:18:59.669  INFO 8128 --- [restartedMain] com.wenyu.blog.BlogApplication           : Starting BlogApplication on lt41137t480 with PID 8128 (E:\blog\blog\target\classes started by Administrator in E:\blog\blog)
2020-12-28 14:18:59.672 DEBUG 8128 --- [restartedMain] com.wenyu.blog.BlogApplication           : Running with Spring Boot v2.3.5.RELEASE, Spring v5.2.10.RELEASE
2020-12-28 14:18:59.672  INFO 8128 --- [restartedMain] com.wenyu.blog.BlogApplication           : No active profile set, falling back to default profiles: default
2020-12-28 14:18:59.728  INFO 8128 --- [restartedMain] .e.DevToolsPropertyDefaultsPostProcessor : Devtools property defaults active! Set 'spring.devtools.add-properties' to 'false' to disable
2020-12-28 14:18:59.728  INFO 8128 --- [restartedMain] .e.DevToolsPropertyDefaultsPostProcessor : For additional web related logging consider setting the 'logging.level.web' property to 'DEBUG'
2020-12-28 14:19:00.550  INFO 8128 --- [restartedMain] .s.d.r.c.RepositoryConfigurationDelegate : Bootstrapping Spring Data JPA repositories in DEFERRED mode.
2020-12-28 14:19:00.571  INFO 8128 --- [restartedMain] .s.d.r.c.RepositoryConfigurationDelegate : Finished Spring Data repository scanning in 11ms. Found 0 JPA repository interfaces.
2020-12-28 14:19:01.218  INFO 8128 --- [restartedMain] o.s.b.w.embedded.tomcat.TomcatWebServer  : Tomcat initialized with port(s): 8080 (http)
2020-12-28 14:19:01.228  INFO 8128 --- [restartedMain] o.apache.catalina.core.StandardService   : Starting service [Tomcat]
2020-12-28 14:19:01.228  INFO 8128 --- [restartedMain] org.apache.catalina.core.StandardEngine  : Starting Servlet engine: [Apache Tomcat/9.0.39]
2020-12-28 14:19:01.341  INFO 8128 --- [restartedMain] o.a.c.c.C.[Tomcat].[localhost].[/]       : Initializing Spring embedded WebApplicationContext
2020-12-28 14:19:01.341  INFO 8128 --- [restartedMain] w.s.c.ServletWebServerApplicationContext : Root WebApplicationContext: initialization completed in 1612 ms
2020-12-28 14:19:01.597  INFO 8128 --- [restartedMain] o.s.s.concurrent.ThreadPoolTaskExecutor  : Initializing ExecutorService 'applicationTaskExecutor'
2020-12-28 14:19:01.663  INFO 8128 --- [task-1] o.hibernate.jpa.internal.util.LogHelper  : HHH000204: Processing PersistenceUnitInfo [name: default]
2020-12-28 14:19:01.767  INFO 8128 --- [task-1] org.hibernate.Version                    : HHH000412: Hibernate ORM core version 5.4.22.Final
2020-12-28 14:19:02.128  INFO 8128 --- [task-1] o.hibernate.annotations.common.Version   : HCANN000001: Hibernate Commons Annotations {5.1.0.Final}
2020-12-28 14:19:02.270  WARN 8128 --- [restartedMain] JpaBaseConfiguration$JpaWebConfiguration : spring.jpa.open-in-view is enabled by default. Therefore, database queries may be performed during view rendering. Explicitly configure spring.jpa.open-in-view to disable this warning
2020-12-28 14:19:02.280  INFO 8128 --- [task-1] com.zaxxer.hikari.HikariDataSource       : HikariPool-1 - Starting...
2020-12-28 14:19:02.596  INFO 8128 --- [restartedMain] o.s.b.a.w.s.WelcomePageHandlerMapping    : Adding welcome page template: index
2020-12-28 14:19:02.597  INFO 8128 --- [task-1] com.zaxxer.hikari.HikariDataSource       : HikariPool-1 - Start completed.
2020-12-28 14:19:02.619  INFO 8128 --- [task-1] org.hibernate.dialect.Dialect            : HHH000400: Using dialect: org.hibernate.dialect.MySQL57Dialect
2020-12-28 14:19:02.675  WARN 8128 --- [restartedMain] org.thymeleaf.templatemode.TemplateMode  : [THYMELEAF][restartedMain] Template Mode 'LEGACYHTML5' is deprecated. Using Template Mode 'HTML' instead.
2020-12-28 14:19:02.865  INFO 8128 --- [restartedMain] o.s.b.d.a.OptionalLiveReloadServer       : LiveReload server is running on port 35729
2020-12-28 14:19:02.908  INFO 8128 --- [task-1] o.h.e.t.j.p.i.JtaPlatformInitiator       : HHH000490: Using JtaPlatform implementation: [org.hibernate.engine.transaction.jta.platform.internal.NoJtaPlatform]
2020-12-28 14:19:02.920  INFO 8128 --- [task-1] j.LocalContainerEntityManagerFactoryBean : Initialized JPA EntityManagerFactory for persistence unit 'default'
2020-12-28 14:19:02.961  INFO 8128 --- [restartedMain] o.s.b.w.embedded.tomcat.TomcatWebServer  : Tomcat started on port(s): 8080 (http) with context path ''
2020-12-28 14:19:02.962  INFO 8128 --- [restartedMain] DeferredRepositoryInitializationListener : Triggering deferred initialization of Spring Data repositories…
2020-12-28 14:19:02.963  INFO 8128 --- [restartedMain] DeferredRepositoryInitializationListener : Spring Data repositories initialized!
2020-12-28 14:19:02.977  INFO 8128 --- [restartedMain] com.wenyu.blog.BlogApplication           : Started BlogApplication in 3.89 seconds (JVM running for 4.934)
2020-12-28 14:19:04.494  INFO 8128 --- [http-nio-8080-exec-1] o.a.c.c.C.[Tomcat].[localhost].[/]       : Initializing Spring DispatcherServlet 'dispatcherServlet'
2020-12-28 14:19:04.494  INFO 8128 --- [http-nio-8080-exec-1] o.s.web.servlet.DispatcherServlet        : Initializing Servlet 'dispatcherServlet'
2020-12-28 14:19:04.499  INFO 8128 --- [http-nio-8080-exec-1] o.s.web.servlet.DispatcherServlet        : Completed initialization in 5 ms
2020-12-28 14:19:10.139 DEBUG 8128 --- [http-nio-8080-exec-7] c.w.b.m.U.findByUsernameAndPassword      : ==>  Preparing: select * from t_user where username = ? and password = ?
2020-12-28 14:19:10.154 DEBUG 8128 --- [http-nio-8080-exec-7] c.w.b.m.U.findByUsernameAndPassword      : ==> Parameters: admin(String), 96e79218965eb72c92a549dd5a330112(String)
2020-12-28 14:19:10.162 DEBUG 8128 --- [http-nio-8080-exec-7] c.w.b.m.U.findByUsernameAndPassword      : <==      Total: 1
2020-12-28 14:20:51.477  INFO 2728 --- [restartedMain] com.wenyu.blog.BlogApplication           : Starting BlogApplication on lt41137t480 with PID 2728 (E:\blog\blog\target\classes started by Administrator in E:\blog\blog)
2020-12-28 14:20:51.481 DEBUG 2728 --- [restartedMain] com.wenyu.blog.BlogApplication           : Running with Spring Boot v2.3.5.RELEASE, Spring v5.2.10.RELEASE
2020-12-28 14:20:51.481  INFO 2728 --- [restartedMain] com.wenyu.blog.BlogApplication           : No active profile set, falling back to default profiles: default
2020-12-28 14:20:51.539  INFO 2728 --- [restartedMain] .e.DevToolsPropertyDefaultsPostProcessor : Devtools property defaults active! Set 'spring.devtools.add-properties' to 'false' to disable
2020-12-28 14:20:51.540  INFO 2728 --- [restartedMain] .e.DevToolsPropertyDefaultsPostProcessor : For additional web related logging consider setting the 'logging.level.web' property to 'DEBUG'
2020-12-28 14:20:52.259  INFO 2728 --- [restartedMain] .s.d.r.c.RepositoryConfigurationDelegate : Bootstrapping Spring Data JPA repositories in DEFERRED mode.
2020-12-28 14:20:52.280  INFO 2728 --- [restartedMain] .s.d.r.c.RepositoryConfigurationDelegate : Finished Spring Data repository scanning in 10ms. Found 0 JPA repository interfaces.
2020-12-28 14:20:52.908  INFO 2728 --- [restartedMain] o.s.b.w.embedded.tomcat.TomcatWebServer  : Tomcat initialized with port(s): 8080 (http)
2020-12-28 14:20:52.917  INFO 2728 --- [restartedMain] o.apache.catalina.core.StandardService   : Starting service [Tomcat]
2020-12-28 14:20:52.918  INFO 2728 --- [restartedMain] org.apache.catalina.core.StandardEngine  : Starting Servlet engine: [Apache Tomcat/9.0.39]
2020-12-28 14:20:53.009  INFO 2728 --- [restartedMain] o.a.c.c.C.[Tomcat].[localhost].[/]       : Initializing Spring embedded WebApplicationContext
2020-12-28 14:20:53.009  INFO 2728 --- [restartedMain] w.s.c.ServletWebServerApplicationContext : Root WebApplicationContext: initialization completed in 1468 ms
2020-12-28 14:20:53.193  INFO 2728 --- [restartedMain] o.s.s.concurrent.ThreadPoolTaskExecutor  : Initializing ExecutorService 'applicationTaskExecutor'
2020-12-28 14:20:53.262  INFO 2728 --- [task-1] o.hibernate.jpa.internal.util.LogHelper  : HHH000204: Processing PersistenceUnitInfo [name: default]
2020-12-28 14:20:53.325  INFO 2728 --- [task-1] org.hibernate.Version                    : HHH000412: Hibernate ORM core version 5.4.22.Final
2020-12-28 14:20:53.615  INFO 2728 --- [task-1] o.hibernate.annotations.common.Version   : HCANN000001: Hibernate Commons Annotations {5.1.0.Final}
2020-12-28 14:20:53.730  WARN 2728 --- [restartedMain] JpaBaseConfiguration$JpaWebConfiguration : spring.jpa.open-in-view is enabled by default. Therefore, database queries may be performed during view rendering. Explicitly configure spring.jpa.open-in-view to disable this warning
2020-12-28 14:20:53.742  INFO 2728 --- [task-1] com.zaxxer.hikari.HikariDataSource       : HikariPool-1 - Starting...
2020-12-28 14:20:53.928  INFO 2728 --- [restartedMain] o.s.b.a.w.s.WelcomePageHandlerMapping    : Adding welcome page template: index
2020-12-28 14:20:53.957  INFO 2728 --- [task-1] com.zaxxer.hikari.HikariDataSource       : HikariPool-1 - Start completed.
2020-12-28 14:20:53.977  INFO 2728 --- [task-1] org.hibernate.dialect.Dialect            : HHH000400: Using dialect: org.hibernate.dialect.MySQL57Dialect
2020-12-28 14:20:53.992  WARN 2728 --- [restartedMain] org.thymeleaf.templatemode.TemplateMode  : [THYMELEAF][restartedMain] Template Mode 'LEGACYHTML5' is deprecated. Using Template Mode 'HTML' instead.
2020-12-28 14:20:54.150  INFO 2728 --- [restartedMain] o.s.b.d.a.OptionalLiveReloadServer       : LiveReload server is running on port 35729
2020-12-28 14:20:54.200  INFO 2728 --- [task-1] o.h.e.t.j.p.i.JtaPlatformInitiator       : HHH000490: Using JtaPlatform implementation: [org.hibernate.engine.transaction.jta.platform.internal.NoJtaPlatform]
2020-12-28 14:20:54.209  INFO 2728 --- [task-1] j.LocalContainerEntityManagerFactoryBean : Initialized JPA EntityManagerFactory for persistence unit 'default'
2020-12-28 14:20:54.223  INFO 2728 --- [restartedMain] o.s.b.w.embedded.tomcat.TomcatWebServer  : Tomcat started on port(s): 8080 (http) with context path ''
2020-12-28 14:20:54.224  INFO 2728 --- [restartedMain] DeferredRepositoryInitializationListener : Triggering deferred initialization of Spring Data repositories…
2020-12-28 14:20:54.225  INFO 2728 --- [restartedMain] DeferredRepositoryInitializationListener : Spring Data repositories initialized!
2020-12-28 14:20:54.234  INFO 2728 --- [restartedMain] com.wenyu.blog.BlogApplication           : Started BlogApplication in 3.308 seconds (JVM running for 4.312)
2020-12-28 14:20:58.656  INFO 2728 --- [http-nio-8080-exec-1] o.a.c.c.C.[Tomcat].[localhost].[/]       : Initializing Spring DispatcherServlet 'dispatcherServlet'
2020-12-28 14:20:58.656  INFO 2728 --- [http-nio-8080-exec-1] o.s.web.servlet.DispatcherServlet        : Initializing Servlet 'dispatcherServlet'
2020-12-28 14:20:58.661  INFO 2728 --- [http-nio-8080-exec-1] o.s.web.servlet.DispatcherServlet        : Completed initialization in 5 ms
2020-12-28 14:21:04.158 DEBUG 2728 --- [http-nio-8080-exec-3] c.w.b.m.U.findByUsernameAndPassword      : ==>  Preparing: select * from t_user where username = ? and password = ?
2020-12-28 14:21:04.183 DEBUG 2728 --- [http-nio-8080-exec-3] c.w.b.m.U.findByUsernameAndPassword      : ==> Parameters: admin(String), 96e79218965eb72c92a549dd5a330112(String)
2020-12-28 14:21:04.193 DEBUG 2728 --- [http-nio-8080-exec-3] c.w.b.m.U.findByUsernameAndPassword      : <==      Total: 1
2020-12-28 16:41:39.988  INFO 11048 --- [restartedMain] com.wenyu.blog.BlogApplication           : Starting BlogApplication on lt41137t480 with PID 11048 (E:\blog\blog\target\classes started by Administrator in E:\blog\blog)
2020-12-28 16:41:40.004 DEBUG 11048 --- [restartedMain] com.wenyu.blog.BlogApplication           : Running with Spring Boot v2.3.5.RELEASE, Spring v5.2.10.RELEASE
2020-12-28 16:41:40.004  INFO 11048 --- [restartedMain] com.wenyu.blog.BlogApplication           : No active profile set, falling back to default profiles: default
2020-12-28 16:41:40.050  INFO 11048 --- [restartedMain] .e.DevToolsPropertyDefaultsPostProcessor : Devtools property defaults active! Set 'spring.devtools.add-properties' to 'false' to disable
2020-12-28 16:41:40.050  INFO 11048 --- [restartedMain] .e.DevToolsPropertyDefaultsPostProcessor : For additional web related logging consider setting the 'logging.level.web' property to 'DEBUG'
2020-12-28 16:41:40.721  INFO 11048 --- [restartedMain] .s.d.r.c.RepositoryConfigurationDelegate : Bootstrapping Spring Data JPA repositories in DEFERRED mode.
2020-12-28 16:41:40.737  INFO 11048 --- [restartedMain] .s.d.r.c.RepositoryConfigurationDelegate : Finished Spring Data repository scanning in 9ms. Found 0 JPA repository interfaces.
2020-12-28 16:41:41.345  INFO 11048 --- [restartedMain] o.s.b.w.embedded.tomcat.TomcatWebServer  : Tomcat initialized with port(s): 8080 (http)
2020-12-28 16:41:41.345  INFO 11048 --- [restartedMain] o.apache.catalina.core.StandardService   : Starting service [Tomcat]
2020-12-28 16:41:41.345  INFO 11048 --- [restartedMain] org.apache.catalina.core.StandardEngine  : Starting Servlet engine: [Apache Tomcat/9.0.39]
2020-12-28 16:41:41.439  INFO 11048 --- [restartedMain] o.a.c.c.C.[Tomcat].[localhost].[/]       : Initializing Spring embedded WebApplicationContext
2020-12-28 16:41:41.439  INFO 11048 --- [restartedMain] w.s.c.ServletWebServerApplicationContext : Root WebApplicationContext: initialization completed in 1389 ms
2020-12-28 16:41:41.579  INFO 11048 --- [restartedMain] o.s.s.concurrent.ThreadPoolTaskExecutor  : Initializing ExecutorService 'applicationTaskExecutor'
2020-12-28 16:41:41.626  INFO 11048 --- [task-1] o.hibernate.jpa.internal.util.LogHelper  : HHH000204: Processing PersistenceUnitInfo [name: default]
2020-12-28 16:41:41.673  INFO 11048 --- [task-1] org.hibernate.Version                    : HHH000412: Hibernate ORM core version 5.4.22.Final
2020-12-28 16:41:41.876  INFO 11048 --- [task-1] o.hibernate.annotations.common.Version   : HCANN000001: Hibernate Commons Annotations {5.1.0.Final}
2020-12-28 16:41:41.954  WARN 11048 --- [restartedMain] JpaBaseConfiguration$JpaWebConfiguration : spring.jpa.open-in-view is enabled by default. Therefore, database queries may be performed during view rendering. Explicitly configure spring.jpa.open-in-view to disable this warning
2020-12-28 16:41:41.969  INFO 11048 --- [task-1] com.zaxxer.hikari.HikariDataSource       : HikariPool-1 - Starting...
2020-12-28 16:41:42.125  INFO 11048 --- [restartedMain] o.s.b.a.w.s.WelcomePageHandlerMapping    : Adding welcome page template: index
2020-12-28 16:41:42.141  INFO 11048 --- [task-1] com.zaxxer.hikari.HikariDataSource       : HikariPool-1 - Start completed.
2020-12-28 16:41:42.156  INFO 11048 --- [task-1] org.hibernate.dialect.Dialect            : HHH000400: Using dialect: org.hibernate.dialect.MySQL57Dialect
2020-12-28 16:41:42.172  WARN 11048 --- [restartedMain] org.thymeleaf.templatemode.TemplateMode  : [THYMELEAF][restartedMain] Template Mode 'LEGACYHTML5' is deprecated. Using Template Mode 'HTML' instead.
2020-12-28 16:41:42.281  INFO 11048 --- [restartedMain] o.s.b.d.a.OptionalLiveReloadServer       : LiveReload server is running on port 35729
2020-12-28 16:41:42.344  INFO 11048 --- [task-1] o.h.e.t.j.p.i.JtaPlatformInitiator       : HHH000490: Using JtaPlatform implementation: [org.hibernate.engine.transaction.jta.platform.internal.NoJtaPlatform]
2020-12-28 16:41:42.344  INFO 11048 --- [restartedMain] o.s.b.w.embedded.tomcat.TomcatWebServer  : Tomcat started on port(s): 8080 (http) with context path ''
2020-12-28 16:41:42.359  INFO 11048 --- [restartedMain] DeferredRepositoryInitializationListener : Triggering deferred initialization of Spring Data repositories…
2020-12-28 16:41:42.359  INFO 11048 --- [task-1] j.LocalContainerEntityManagerFactoryBean : Initialized JPA EntityManagerFactory for persistence unit 'default'
2020-12-28 16:41:42.359  INFO 11048 --- [restartedMain] DeferredRepositoryInitializationListener : Spring Data repositories initialized!
2020-12-28 16:41:42.359  INFO 11048 --- [restartedMain] com.wenyu.blog.BlogApplication           : Started BlogApplication in 2.866 seconds (JVM running for 3.825)
2020-12-28 16:41:52.344  INFO 11048 --- [http-nio-8080-exec-1] o.a.c.c.C.[Tomcat].[localhost].[/]       : Initializing Spring DispatcherServlet 'dispatcherServlet'
2020-12-28 16:41:52.345  INFO 11048 --- [http-nio-8080-exec-1] o.s.web.servlet.DispatcherServlet        : Initializing Servlet 'dispatcherServlet'
2020-12-28 16:41:52.350  INFO 11048 --- [http-nio-8080-exec-1] o.s.web.servlet.DispatcherServlet        : Completed initialization in 5 ms
2020-12-28 16:41:58.475 DEBUG 11048 --- [http-nio-8080-exec-1] c.w.b.m.U.findByUsernameAndPassword      : ==>  Preparing: select * from t_user where username = ? and password = ?
2020-12-28 16:41:58.489 DEBUG 11048 --- [http-nio-8080-exec-1] c.w.b.m.U.findByUsernameAndPassword      : ==> Parameters: admin(String), 96e79218965eb72c92a549dd5a330112(String)
2020-12-28 16:41:58.497 DEBUG 11048 --- [http-nio-8080-exec-1] c.w.b.m.U.findByUsernameAndPassword      : <==      Total: 1
